<?xml version="1.0" encoding="UTF-8"?>
<testng-results ignored="0" total="1" passed="1" failed="0" skipped="0">
  <reporter-output>
  </reporter-output>
  <suite started-at="2025-12-30T12:46:27 IST" name="Suite" finished-at="2025-12-30T12:46:36 IST" duration-ms="9328">
    <groups>
    </groups>
    <test started-at="2025-12-30T12:46:27 IST" name="Test" finished-at="2025-12-30T12:46:36 IST" duration-ms="9328">
      <class name="baseLibrarypkg.BaseLibrarycls">
        <test-method signature="openURL()[pri:0, instance:baseLibrarypkg.BaseLibrarycls@5e0826e7]" started-at="2025-12-30T12:46:27 IST" name="openURL" finished-at="2025-12-30T12:46:36 IST" duration-ms="9277" status="PASS">
          <reporter-output>
          </reporter-output>
        </test-method> <!-- openURL -->
      </class> <!-- baseLibrarypkg.BaseLibrarycls -->
    </test> <!-- Test -->
  </suite> <!-- Suite -->
</testng-results>
